<?xml version="1.0" encoding="UTF-8"?>
<!-- Generated by org.testng.reporters.JUnitReportReporter -->
<testsuite hostname="DESKTOP-SOQ1QOE" failures="0" tests="1" name="com.grokonez.jwtauthentication.restassured.PropertiesRestassured" time="3.548" errors="0" timestamp="2021-09-28T22:32:37 IST" skipped="0">
  <testcase classname="com.grokonez.jwtauthentication.restassured.PropertiesRestassured" name="getSutdents" time="3.548"/>
  <system-out/>
</testsuite> <!-- com.grokonez.jwtauthentication.restassured.PropertiesRestassured -->
