<?xml version="1.0" encoding="UTF-8"?>
<!-- Generated by org.testng.reporters.JUnitReportReporter -->
<testsuite hostname="DESKTOP-SOQ1QOE" failures="0" tests="5" name="com.grokonez.jwtauthentication.junit.Tests" time="0.159" errors="0" timestamp="2022-03-27T23:40:24 IST" skipped="0">
  <testcase classname="com.grokonez.jwtauthentication.junit.Tests" name="test2" time="0.031"/>
  <system-out/>
  <testcase classname="com.grokonez.jwtauthentication.junit.Tests" name="test5" time="0.032"/>
  <system-out/>
  <testcase classname="com.grokonez.jwtauthentication.junit.Tests" name="test1" time="0.033"/>
  <system-out/>
  <testcase classname="com.grokonez.jwtauthentication.junit.Tests" name="test3" time="0.031"/>
  <system-out/>
  <testcase classname="com.grokonez.jwtauthentication.junit.Tests" name="test4" time="0.032"/>
  <system-out/>
</testsuite> <!-- com.grokonez.jwtauthentication.junit.Tests -->
